<?xml version="1.0" encoding="UTF-8"?>
<testng-results ignored="0" total="1" passed="1" failed="0" skipped="0">
  <reporter-output>
  </reporter-output>
  <suite started-at="2023-11-01T23:17:26 PDT" name="Default suite" finished-at="2023-11-01T23:17:31 PDT" duration-ms="4899">
    <groups>
    </groups>
    <test started-at="2023-11-01T23:17:26 PDT" name="Default test" finished-at="2023-11-01T23:17:31 PDT" duration-ms="4899">
      <class name="tests.VerifyRestAssuredApi">
        <test-method signature="verifyListUserApiTest()[pri:0, instance:tests.VerifyRestAssuredApi@3b0fe47a]" started-at="2023-11-01T23:17:27 PDT" name="verifyListUserApiTest" finished-at="2023-11-01T23:17:31 PDT" duration-ms="4738" status="PASS">
          <reporter-output>
          </reporter-output>
        </test-method> <!-- verifyListUserApiTest -->
      </class> <!-- tests.VerifyRestAssuredApi -->
    </test> <!-- Default test -->
  </suite> <!-- Default suite -->
</testng-results>
